2025-12-18 00:04:06 INFO  [main] c.o.w.w.Websockets201ApplicationTests - Starting Websockets201ApplicationTests using Java 19.0.1 with PID 23804 (started by lenovo in E:\websockets201\websockets201)
2025-12-18 00:04:06 INFO  [main] c.o.w.w.Websockets201ApplicationTests - No active profile set, falling back to 1 default profile: "default"
2025-12-18 00:04:07 DEBUG [main] o.s.w.c.s.GenericWebApplicationContext - Refreshing org.springframework.web.context.support.GenericWebApplicationContext@3ee69ad8
2025-12-18 00:04:12 INFO  [main] o.s.d.r.c.RepositoryConfigurationDelegate - Bootstrapping Spring Data JPA repositories in DEFAULT mode.
2025-12-18 00:04:12 INFO  [main] o.s.d.r.c.RepositoryConfigurationDelegate - Finished Spring Data repository scanning in 133 ms. Found 5 JPA repository interfaces.
2025-12-18 00:04:16 INFO  [main] o.s.o.j.p.SpringPersistenceUnitInfo - No LoadTimeWeaver setup: ignoring JPA class transformer
2025-12-18 00:04:16 INFO  [main] com.zaxxer.hikari.HikariDataSource - HikariPool-1 - Starting...
2025-12-18 00:04:17 INFO  [main] com.zaxxer.hikari.pool.HikariPool - HikariPool-1 - Added connection com.mysql.cj.jdbc.ConnectionImpl@10ec4721
2025-12-18 00:04:17 INFO  [main] com.zaxxer.hikari.HikariDataSource - HikariPool-1 - Start completed.
2025-12-18 00:04:19 INFO  [main] o.s.o.j.LocalContainerEntityManagerFactoryBean - Initialized JPA EntityManagerFactory for persistence unit 'default'
2025-12-18 00:04:20 INFO  [main] o.s.d.j.r.q.QueryEnhancerFactories - Hibernate is in classpath; If applicable, HQL parser will be used.
2025-12-18 00:04:20 INFO  [main] c.o.w.w.config.WebSocketConfig - WebSocketConfig: Registered OCPP WebSocket handler ws://localhost:8081/ocpp2/v201/{stationId}
2025-12-18 00:04:20 DEBUG [main] o.s.w.s.s.s.WebSocketHandlerMapping - Patterns [/ocpp/v201/{cpId}] in 'webSocketHandlerMapping'
2025-12-18 00:04:21 WARN  [main] o.s.b.j.a.JpaBaseConfiguration$JpaWebConfiguration - spring.jpa.open-in-view is enabled by default. Therefore, database queries may be performed during view rendering. Explicitly configure spring.jpa.open-in-view to disable this warning
2025-12-18 00:04:21 INFO  [main] o.s.v.b.OptionalValidatorFactoryBean - Failed to set up a Bean Validation provider: jakarta.validation.NoProviderFoundException: Unable to create a Configuration, because no Jakarta Validation provider could be found. Add a provider like Hibernate Validator (RI) to your classpath.
2025-12-18 00:04:21 DEBUG [main] o.s.w.s.m.m.a.RequestMappingHandlerMapping - 10 mappings in 'requestMappingHandlerMapping'
2025-12-18 00:04:22 DEBUG [main] o.s.w.s.h.SimpleUrlHandlerMapping - Patterns [/webjars/**, /**, /swagger-ui*/*swagger-initializer.js, /swagger-ui*/**] in 'resourceHandlerMapping'
2025-12-18 00:04:22 DEBUG [main] o.s.w.s.m.m.a.RequestMappingHandlerAdapter - ControllerAdvice beans: 0 @ModelAttribute, 0 @InitBinder, 1 RequestBodyAdvice, 1 ResponseBodyAdvice
2025-12-18 00:04:22 DEBUG [main] o.s.w.s.m.m.a.ExceptionHandlerExceptionResolver - ControllerAdvice beans: 1 @ExceptionHandler, 1 ResponseBodyAdvice
2025-12-18 00:04:22 INFO  [main] c.o.w.w.Websockets201ApplicationTests - Started Websockets201ApplicationTests in 17.467 seconds (process running for 21.897)
2025-12-18 00:04:23 INFO  [main] c.o.w.w.config.OpenLogOnStart - Log file opened in Notepad at startup.
2025-12-18 00:04:25 DEBUG [SpringApplicationShutdownHook] o.s.w.c.s.GenericWebApplicationContext - Closing org.springframework.web.context.support.GenericWebApplicationContext@3ee69ad8, started on Thu Dec 18 00:04:07 IST 2025
2025-12-18 00:04:25 INFO  [SpringApplicationShutdownHook] o.s.o.j.LocalContainerEntityManagerFactoryBean - Closing JPA EntityManagerFactory for persistence unit 'default'
2025-12-18 00:04:25 INFO  [SpringApplicationShutdownHook] com.zaxxer.hikari.HikariDataSource - HikariPool-1 - Shutdown initiated...
2025-12-18 00:04:25 INFO  [SpringApplicationShutdownHook] com.zaxxer.hikari.HikariDataSource - HikariPool-1 - Shutdown completed.
2025-12-18 00:13:04 INFO  [main] c.o.w.w.Websockets201ApplicationTests - Starting Websockets201ApplicationTests using Java 19.0.1 with PID 22532 (started by lenovo in E:\websockets201\websockets201)
2025-12-18 00:13:04 INFO  [main] c.o.w.w.Websockets201ApplicationTests - No active profile set, falling back to 1 default profile: "default"
2025-12-18 00:13:05 DEBUG [main] o.s.w.c.s.GenericWebApplicationContext - Refreshing org.springframework.web.context.support.GenericWebApplicationContext@3ee69ad8
2025-12-18 00:13:07 INFO  [main] o.s.d.r.c.RepositoryConfigurationDelegate - Bootstrapping Spring Data JPA repositories in DEFAULT mode.
2025-12-18 00:13:08 INFO  [main] o.s.d.r.c.RepositoryConfigurationDelegate - Finished Spring Data repository scanning in 143 ms. Found 5 JPA repository interfaces.
2025-12-18 00:13:11 INFO  [main] o.s.o.j.p.SpringPersistenceUnitInfo - No LoadTimeWeaver setup: ignoring JPA class transformer
2025-12-18 00:13:11 INFO  [main] com.zaxxer.hikari.HikariDataSource - HikariPool-1 - Starting...
2025-12-18 00:13:13 INFO  [main] com.zaxxer.hikari.pool.HikariPool - HikariPool-1 - Added connection com.mysql.cj.jdbc.ConnectionImpl@51c6e775
2025-12-18 00:13:13 INFO  [main] com.zaxxer.hikari.HikariDataSource - HikariPool-1 - Start completed.
2025-12-18 00:13:16 INFO  [main] o.s.o.j.LocalContainerEntityManagerFactoryBean - Initialized JPA EntityManagerFactory for persistence unit 'default'
2025-12-18 00:13:16 INFO  [main] o.s.d.j.r.q.QueryEnhancerFactories - Hibernate is in classpath; If applicable, HQL parser will be used.
2025-12-18 00:13:17 INFO  [main] c.o.w.w.config.WebSocketConfig - WebSocketConfig: Registered OCPP WebSocket handler ws://localhost:8081/ocpp2/v201/{stationId}
2025-12-18 00:13:17 DEBUG [main] o.s.w.s.s.s.WebSocketHandlerMapping - Patterns [/ocpp/v201/{cpId}] in 'webSocketHandlerMapping'
2025-12-18 00:13:17 WARN  [main] o.s.b.j.a.JpaBaseConfiguration$JpaWebConfiguration - spring.jpa.open-in-view is enabled by default. Therefore, database queries may be performed during view rendering. Explicitly configure spring.jpa.open-in-view to disable this warning
2025-12-18 00:13:17 INFO  [main] o.s.v.b.OptionalValidatorFactoryBean - Failed to set up a Bean Validation provider: jakarta.validation.NoProviderFoundException: Unable to create a Configuration, because no Jakarta Validation provider could be found. Add a provider like Hibernate Validator (RI) to your classpath.
2025-12-18 00:13:18 DEBUG [main] o.s.w.s.m.m.a.RequestMappingHandlerMapping - 10 mappings in 'requestMappingHandlerMapping'
2025-12-18 00:13:18 DEBUG [main] o.s.w.s.h.SimpleUrlHandlerMapping - Patterns [/webjars/**, /**, /swagger-ui*/*swagger-initializer.js, /swagger-ui*/**] in 'resourceHandlerMapping'
2025-12-18 00:13:18 DEBUG [main] o.s.w.s.m.m.a.RequestMappingHandlerAdapter - ControllerAdvice beans: 0 @ModelAttribute, 0 @InitBinder, 1 RequestBodyAdvice, 1 ResponseBodyAdvice
2025-12-18 00:13:18 DEBUG [main] o.s.w.s.m.m.a.ExceptionHandlerExceptionResolver - ControllerAdvice beans: 1 @ExceptionHandler, 1 ResponseBodyAdvice
2025-12-18 00:13:19 INFO  [main] c.o.w.w.Websockets201ApplicationTests - Started Websockets201ApplicationTests in 15.138 seconds (process running for 18.821)
2025-12-18 00:13:19 INFO  [main] c.o.w.w.config.OpenLogOnStart - Log file opened in Notepad at startup.
2025-12-18 00:13:20 DEBUG [SpringApplicationShutdownHook] o.s.w.c.s.GenericWebApplicationContext - Closing org.springframework.web.context.support.GenericWebApplicationContext@3ee69ad8, started on Thu Dec 18 00:13:05 IST 2025
2025-12-18 00:13:20 INFO  [SpringApplicationShutdownHook] o.s.o.j.LocalContainerEntityManagerFactoryBean - Closing JPA EntityManagerFactory for persistence unit 'default'
2025-12-18 00:13:20 INFO  [SpringApplicationShutdownHook] com.zaxxer.hikari.HikariDataSource - HikariPool-1 - Shutdown initiated...
2025-12-18 00:13:20 INFO  [SpringApplicationShutdownHook] com.zaxxer.hikari.HikariDataSource - HikariPool-1 - Shutdown completed.
2025-12-18 10:54:45 INFO  [main] c.o.w.w.Websockets201ApplicationTests - Starting Websockets201ApplicationTests using Java 19.0.1 with PID 19964 (started by lenovo in E:\websockets201\websockets201)
2025-12-18 10:54:45 INFO  [main] c.o.w.w.Websockets201ApplicationTests - No active profile set, falling back to 1 default profile: "default"
2025-12-18 10:54:45 DEBUG [main] o.s.w.c.s.GenericWebApplicationContext - Refreshing org.springframework.web.context.support.GenericWebApplicationContext@3ee69ad8
2025-12-18 10:54:48 INFO  [main] o.s.d.r.c.RepositoryConfigurationDelegate - Bootstrapping Spring Data JPA repositories in DEFAULT mode.
2025-12-18 10:54:48 INFO  [main] o.s.d.r.c.RepositoryConfigurationDelegate - Finished Spring Data repository scanning in 132 ms. Found 5 JPA repository interfaces.
2025-12-18 10:54:51 INFO  [main] o.s.o.j.p.SpringPersistenceUnitInfo - No LoadTimeWeaver setup: ignoring JPA class transformer
2025-12-18 10:54:51 INFO  [main] com.zaxxer.hikari.HikariDataSource - HikariPool-1 - Starting...
2025-12-18 10:54:52 INFO  [main] com.zaxxer.hikari.pool.HikariPool - HikariPool-1 - Added connection com.mysql.cj.jdbc.ConnectionImpl@11174bf
2025-12-18 10:54:52 INFO  [main] com.zaxxer.hikari.HikariDataSource - HikariPool-1 - Start completed.
2025-12-18 10:54:54 INFO  [main] o.s.o.j.LocalContainerEntityManagerFactoryBean - Initialized JPA EntityManagerFactory for persistence unit 'default'
2025-12-18 10:54:54 INFO  [main] o.s.d.j.r.q.QueryEnhancerFactories - Hibernate is in classpath; If applicable, HQL parser will be used.
2025-12-18 10:54:55 INFO  [main] c.o.w.w.config.WebSocketConfig - WebSocketConfig: Registered OCPP WebSocket handler ws://localhost:8081/ocpp2/v201/{stationId}
2025-12-18 10:54:55 DEBUG [main] o.s.w.s.s.s.WebSocketHandlerMapping - Patterns [/ocpp/v201/{cpId}] in 'webSocketHandlerMapping'
2025-12-18 10:54:55 WARN  [main] o.s.b.j.a.JpaBaseConfiguration$JpaWebConfiguration - spring.jpa.open-in-view is enabled by default. Therefore, database queries may be performed during view rendering. Explicitly configure spring.jpa.open-in-view to disable this warning
2025-12-18 10:54:56 INFO  [main] o.s.v.b.OptionalValidatorFactoryBean - Failed to set up a Bean Validation provider: jakarta.validation.NoProviderFoundException: Unable to create a Configuration, because no Jakarta Validation provider could be found. Add a provider like Hibernate Validator (RI) to your classpath.
2025-12-18 10:54:56 DEBUG [main] o.s.w.s.m.m.a.RequestMappingHandlerMapping - 10 mappings in 'requestMappingHandlerMapping'
2025-12-18 10:54:56 DEBUG [main] o.s.w.s.h.SimpleUrlHandlerMapping - Patterns [/webjars/**, /**, /swagger-ui*/*swagger-initializer.js, /swagger-ui*/**] in 'resourceHandlerMapping'
2025-12-18 10:54:56 DEBUG [main] o.s.w.s.m.m.a.RequestMappingHandlerAdapter - ControllerAdvice beans: 0 @ModelAttribute, 0 @InitBinder, 1 RequestBodyAdvice, 1 ResponseBodyAdvice
2025-12-18 10:54:56 DEBUG [main] o.s.w.s.m.m.a.ExceptionHandlerExceptionResolver - ControllerAdvice beans: 1 @ExceptionHandler, 1 ResponseBodyAdvice
2025-12-18 10:54:57 INFO  [main] c.o.w.w.Websockets201ApplicationTests - Started Websockets201ApplicationTests in 12.603 seconds (process running for 16.083)
2025-12-18 10:54:57 INFO  [main] c.o.w.w.config.OpenLogOnStart - Log file opened in Notepad at startup.
2025-12-18 10:54:58 DEBUG [SpringApplicationShutdownHook] o.s.w.c.s.GenericWebApplicationContext - Closing org.springframework.web.context.support.GenericWebApplicationContext@3ee69ad8, started on Thu Dec 18 10:54:45 IST 2025
2025-12-18 10:54:58 INFO  [SpringApplicationShutdownHook] o.s.o.j.LocalContainerEntityManagerFactoryBean - Closing JPA EntityManagerFactory for persistence unit 'default'
2025-12-18 10:54:58 INFO  [SpringApplicationShutdownHook] com.zaxxer.hikari.HikariDataSource - HikariPool-1 - Shutdown initiated...
2025-12-18 10:54:58 INFO  [SpringApplicationShutdownHook] com.zaxxer.hikari.HikariDataSource - HikariPool-1 - Shutdown completed.
2025-12-18 11:28:21 INFO  [main] c.o.w.w.Websockets201ApplicationTests - Starting Websockets201ApplicationTests using Java 19.0.1 with PID 24160 (started by lenovo in E:\websockets201\websockets201)
2025-12-18 11:28:21 INFO  [main] c.o.w.w.Websockets201ApplicationTests - No active profile set, falling back to 1 default profile: "default"
2025-12-18 11:28:21 DEBUG [main] o.s.w.c.s.GenericWebApplicationContext - Refreshing org.springframework.web.context.support.GenericWebApplicationContext@3ee69ad8
2025-12-18 11:28:23 INFO  [main] o.s.d.r.c.RepositoryConfigurationDelegate - Bootstrapping Spring Data JPA repositories in DEFAULT mode.
2025-12-18 11:28:23 INFO  [main] o.s.d.r.c.RepositoryConfigurationDelegate - Finished Spring Data repository scanning in 126 ms. Found 5 JPA repository interfaces.
2025-12-18 11:28:27 INFO  [main] o.s.o.j.p.SpringPersistenceUnitInfo - No LoadTimeWeaver setup: ignoring JPA class transformer
2025-12-18 11:28:27 INFO  [main] com.zaxxer.hikari.HikariDataSource - HikariPool-1 - Starting...
2025-12-18 11:28:27 INFO  [main] com.zaxxer.hikari.pool.HikariPool - HikariPool-1 - Added connection com.mysql.cj.jdbc.ConnectionImpl@11174bf
2025-12-18 11:28:27 INFO  [main] com.zaxxer.hikari.HikariDataSource - HikariPool-1 - Start completed.
2025-12-18 11:28:30 INFO  [main] o.s.o.j.LocalContainerEntityManagerFactoryBean - Initialized JPA EntityManagerFactory for persistence unit 'default'
2025-12-18 11:28:31 INFO  [main] o.s.d.j.r.q.QueryEnhancerFactories - Hibernate is in classpath; If applicable, HQL parser will be used.
2025-12-18 11:28:31 INFO  [main] c.o.w.w.config.WebSocketConfig - WebSocketConfig: Registered OCPP WebSocket handler ws://localhost:8081/ocpp2/v201/{stationId}
2025-12-18 11:28:31 DEBUG [main] o.s.w.s.s.s.WebSocketHandlerMapping - Patterns [/ocpp/v201/{cpId}] in 'webSocketHandlerMapping'
2025-12-18 11:28:32 WARN  [main] o.s.b.j.a.JpaBaseConfiguration$JpaWebConfiguration - spring.jpa.open-in-view is enabled by default. Therefore, database queries may be performed during view rendering. Explicitly configure spring.jpa.open-in-view to disable this warning
2025-12-18 11:28:32 INFO  [main] o.s.v.b.OptionalValidatorFactoryBean - Failed to set up a Bean Validation provider: jakarta.validation.NoProviderFoundException: Unable to create a Configuration, because no Jakarta Validation provider could be found. Add a provider like Hibernate Validator (RI) to your classpath.
2025-12-18 11:28:32 DEBUG [main] o.s.w.s.m.m.a.RequestMappingHandlerMapping - 10 mappings in 'requestMappingHandlerMapping'
2025-12-18 11:28:32 DEBUG [main] o.s.w.s.h.SimpleUrlHandlerMapping - Patterns [/webjars/**, /**, /swagger-ui*/*swagger-initializer.js, /swagger-ui*/**] in 'resourceHandlerMapping'
2025-12-18 11:28:32 DEBUG [main] o.s.w.s.m.m.a.RequestMappingHandlerAdapter - ControllerAdvice beans: 0 @ModelAttribute, 0 @InitBinder, 1 RequestBodyAdvice, 1 ResponseBodyAdvice
2025-12-18 11:28:33 DEBUG [main] o.s.w.s.m.m.a.ExceptionHandlerExceptionResolver - ControllerAdvice beans: 1 @ExceptionHandler, 1 ResponseBodyAdvice
2025-12-18 11:28:33 INFO  [main] c.o.w.w.Websockets201ApplicationTests - Started Websockets201ApplicationTests in 13.457 seconds (process running for 16.82)
2025-12-18 11:28:34 INFO  [main] c.o.w.w.config.OpenLogOnStart - Log file opened in Notepad at startup.
2025-12-18 11:28:35 DEBUG [SpringApplicationShutdownHook] o.s.w.c.s.GenericWebApplicationContext - Closing org.springframework.web.context.support.GenericWebApplicationContext@3ee69ad8, started on Thu Dec 18 11:28:21 IST 2025
2025-12-18 11:28:35 INFO  [SpringApplicationShutdownHook] o.s.o.j.LocalContainerEntityManagerFactoryBean - Closing JPA EntityManagerFactory for persistence unit 'default'
2025-12-18 11:28:35 INFO  [SpringApplicationShutdownHook] com.zaxxer.hikari.HikariDataSource - HikariPool-1 - Shutdown initiated...
2025-12-18 11:28:35 INFO  [SpringApplicationShutdownHook] com.zaxxer.hikari.HikariDataSource - HikariPool-1 - Shutdown completed.
2025-12-18 11:59:21 INFO  [main] c.o.w.w.Websockets201ApplicationTests - Starting Websockets201ApplicationTests using Java 19.0.1 with PID 16560 (started by lenovo in E:\websockets201\websockets201)
2025-12-18 11:59:21 INFO  [main] c.o.w.w.Websockets201ApplicationTests - No active profile set, falling back to 1 default profile: "default"
2025-12-18 11:59:21 DEBUG [main] o.s.w.c.s.GenericWebApplicationContext - Refreshing org.springframework.web.context.support.GenericWebApplicationContext@3ee69ad8
2025-12-18 11:59:24 INFO  [main] o.s.d.r.c.RepositoryConfigurationDelegate - Bootstrapping Spring Data JPA repositories in DEFAULT mode.
2025-12-18 11:59:24 INFO  [main] o.s.d.r.c.RepositoryConfigurationDelegate - Finished Spring Data repository scanning in 231 ms. Found 5 JPA repository interfaces.
2025-12-18 11:59:28 INFO  [main] o.s.o.j.p.SpringPersistenceUnitInfo - No LoadTimeWeaver setup: ignoring JPA class transformer
2025-12-18 11:59:28 INFO  [main] com.zaxxer.hikari.HikariDataSource - HikariPool-1 - Starting...
2025-12-18 11:59:29 INFO  [main] com.zaxxer.hikari.pool.HikariPool - HikariPool-1 - Added connection com.mysql.cj.jdbc.ConnectionImpl@17034458
2025-12-18 11:59:29 INFO  [main] com.zaxxer.hikari.HikariDataSource - HikariPool-1 - Start completed.
2025-12-18 11:59:32 INFO  [main] o.s.o.j.LocalContainerEntityManagerFactoryBean - Initialized JPA EntityManagerFactory for persistence unit 'default'
2025-12-18 11:59:32 INFO  [main] o.s.d.j.r.q.QueryEnhancerFactories - Hibernate is in classpath; If applicable, HQL parser will be used.
2025-12-18 11:59:33 INFO  [main] c.o.w.w.config.WebSocketConfig - WebSocketConfig: Registered OCPP WebSocket handler ws://localhost:8081/ocpp2/v201/{stationId}
2025-12-18 11:59:34 DEBUG [main] o.s.w.s.s.s.WebSocketHandlerMapping - Patterns [/ocpp/v201/{cpId}] in 'webSocketHandlerMapping'
2025-12-18 11:59:34 WARN  [main] o.s.b.j.a.JpaBaseConfiguration$JpaWebConfiguration - spring.jpa.open-in-view is enabled by default. Therefore, database queries may be performed during view rendering. Explicitly configure spring.jpa.open-in-view to disable this warning
2025-12-18 11:59:34 INFO  [main] o.s.v.b.OptionalValidatorFactoryBean - Failed to set up a Bean Validation provider: jakarta.validation.NoProviderFoundException: Unable to create a Configuration, because no Jakarta Validation provider could be found. Add a provider like Hibernate Validator (RI) to your classpath.
2025-12-18 11:59:34 DEBUG [main] o.s.w.s.m.m.a.RequestMappingHandlerMapping - 10 mappings in 'requestMappingHandlerMapping'
2025-12-18 11:59:35 DEBUG [main] o.s.w.s.h.SimpleUrlHandlerMapping - Patterns [/webjars/**, /**, /swagger-ui*/*swagger-initializer.js, /swagger-ui*/**] in 'resourceHandlerMapping'
2025-12-18 11:59:35 DEBUG [main] o.s.w.s.m.m.a.RequestMappingHandlerAdapter - ControllerAdvice beans: 0 @ModelAttribute, 0 @InitBinder, 1 RequestBodyAdvice, 1 ResponseBodyAdvice
2025-12-18 11:59:35 DEBUG [main] o.s.w.s.m.m.a.ExceptionHandlerExceptionResolver - ControllerAdvice beans: 1 @ExceptionHandler, 1 ResponseBodyAdvice
2025-12-18 11:59:36 INFO  [main] c.o.w.w.Websockets201ApplicationTests - Started Websockets201ApplicationTests in 16.085 seconds (process running for 18.907)
2025-12-18 11:59:36 INFO  [main] c.o.w.w.config.OpenLogOnStart - Log file opened in Notepad at startup.
2025-12-18 11:59:38 DEBUG [SpringApplicationShutdownHook] o.s.w.c.s.GenericWebApplicationContext - Closing org.springframework.web.context.support.GenericWebApplicationContext@3ee69ad8, started on Thu Dec 18 11:59:21 IST 2025
2025-12-18 11:59:38 INFO  [SpringApplicationShutdownHook] o.s.o.j.LocalContainerEntityManagerFactoryBean - Closing JPA EntityManagerFactory for persistence unit 'default'
2025-12-18 11:59:38 INFO  [SpringApplicationShutdownHook] com.zaxxer.hikari.HikariDataSource - HikariPool-1 - Shutdown initiated...
2025-12-18 11:59:38 INFO  [SpringApplicationShutdownHook] com.zaxxer.hikari.HikariDataSource - HikariPool-1 - Shutdown completed.
2025-12-18 12:07:13 INFO  [main] c.o.w.w.Websockets201ApplicationTests - Starting Websockets201ApplicationTests using Java 19.0.1 with PID 20464 (started by lenovo in E:\websockets201\websockets201)
2025-12-18 12:07:13 INFO  [main] c.o.w.w.Websockets201ApplicationTests - No active profile set, falling back to 1 default profile: "default"
2025-12-18 12:07:13 DEBUG [main] o.s.w.c.s.GenericWebApplicationContext - Refreshing org.springframework.web.context.support.GenericWebApplicationContext@3ee69ad8
2025-12-18 12:07:15 INFO  [main] o.s.d.r.c.RepositoryConfigurationDelegate - Bootstrapping Spring Data JPA repositories in DEFAULT mode.
2025-12-18 12:07:16 INFO  [main] o.s.d.r.c.RepositoryConfigurationDelegate - Finished Spring Data repository scanning in 149 ms. Found 5 JPA repository interfaces.
2025-12-18 12:07:18 INFO  [main] o.s.o.j.p.SpringPersistenceUnitInfo - No LoadTimeWeaver setup: ignoring JPA class transformer
2025-12-18 12:07:19 INFO  [main] com.zaxxer.hikari.HikariDataSource - HikariPool-1 - Starting...
2025-12-18 12:07:19 INFO  [main] com.zaxxer.hikari.pool.HikariPool - HikariPool-1 - Added connection com.mysql.cj.jdbc.ConnectionImpl@7a522157
2025-12-18 12:07:19 INFO  [main] com.zaxxer.hikari.HikariDataSource - HikariPool-1 - Start completed.
2025-12-18 12:07:21 INFO  [main] o.s.o.j.LocalContainerEntityManagerFactoryBean - Initialized JPA EntityManagerFactory for persistence unit 'default'
2025-12-18 12:07:21 INFO  [main] o.s.d.j.r.q.QueryEnhancerFactories - Hibernate is in classpath; If applicable, HQL parser will be used.
2025-12-18 12:07:22 INFO  [main] c.o.w.w.config.WebSocketConfig - WebSocketConfig: Registered OCPP WebSocket handler ws://localhost:8081/ocpp2/v201/{stationId}
2025-12-18 12:07:22 DEBUG [main] o.s.w.s.s.s.WebSocketHandlerMapping - Patterns [/ocpp/v201/{cpId}] in 'webSocketHandlerMapping'
2025-12-18 12:07:22 WARN  [main] o.s.b.j.a.JpaBaseConfiguration$JpaWebConfiguration - spring.jpa.open-in-view is enabled by default. Therefore, database queries may be performed during view rendering. Explicitly configure spring.jpa.open-in-view to disable this warning
2025-12-18 12:07:22 INFO  [main] o.s.v.b.OptionalValidatorFactoryBean - Failed to set up a Bean Validation provider: jakarta.validation.NoProviderFoundException: Unable to create a Configuration, because no Jakarta Validation provider could be found. Add a provider like Hibernate Validator (RI) to your classpath.
2025-12-18 12:07:23 DEBUG [main] o.s.w.s.m.m.a.RequestMappingHandlerMapping - 10 mappings in 'requestMappingHandlerMapping'
2025-12-18 12:07:23 DEBUG [main] o.s.w.s.h.SimpleUrlHandlerMapping - Patterns [/webjars/**, /**, /swagger-ui*/*swagger-initializer.js, /swagger-ui*/**] in 'resourceHandlerMapping'
2025-12-18 12:07:23 DEBUG [main] o.s.w.s.m.m.a.RequestMappingHandlerAdapter - ControllerAdvice beans: 0 @ModelAttribute, 0 @InitBinder, 1 RequestBodyAdvice, 1 ResponseBodyAdvice
2025-12-18 12:07:23 DEBUG [main] o.s.w.s.m.m.a.ExceptionHandlerExceptionResolver - ControllerAdvice beans: 1 @ExceptionHandler, 1 ResponseBodyAdvice
2025-12-18 12:07:24 INFO  [main] c.o.w.w.Websockets201ApplicationTests - Started Websockets201ApplicationTests in 11.554 seconds (process running for 14.599)
2025-12-18 12:07:24 INFO  [main] c.o.w.w.config.OpenLogOnStart - Log file opened in Notepad at startup.
2025-12-18 12:07:25 DEBUG [SpringApplicationShutdownHook] o.s.w.c.s.GenericWebApplicationContext - Closing org.springframework.web.context.support.GenericWebApplicationContext@3ee69ad8, started on Thu Dec 18 12:07:13 IST 2025
2025-12-18 12:07:25 INFO  [SpringApplicationShutdownHook] o.s.o.j.LocalContainerEntityManagerFactoryBean - Closing JPA EntityManagerFactory for persistence unit 'default'
2025-12-18 12:07:25 INFO  [SpringApplicationShutdownHook] com.zaxxer.hikari.HikariDataSource - HikariPool-1 - Shutdown initiated...
2025-12-18 12:07:25 INFO  [SpringApplicationShutdownHook] com.zaxxer.hikari.HikariDataSource - HikariPool-1 - Shutdown completed.
2025-12-18 12:38:26 INFO  [main] c.o.w.w.Websockets201ApplicationTests - Starting Websockets201ApplicationTests using Java 19.0.1 with PID 7372 (started by lenovo in E:\websockets201\websockets201)
2025-12-18 12:38:26 INFO  [main] c.o.w.w.Websockets201ApplicationTests - No active profile set, falling back to 1 default profile: "default"
2025-12-18 12:38:26 DEBUG [main] o.s.w.c.s.GenericWebApplicationContext - Refreshing org.springframework.web.context.support.GenericWebApplicationContext@3ee69ad8
2025-12-18 12:38:28 INFO  [main] o.s.d.r.c.RepositoryConfigurationDelegate - Bootstrapping Spring Data JPA repositories in DEFAULT mode.
2025-12-18 12:38:29 INFO  [main] o.s.d.r.c.RepositoryConfigurationDelegate - Finished Spring Data repository scanning in 154 ms. Found 5 JPA repository interfaces.
2025-12-18 12:38:32 INFO  [main] o.s.o.j.p.SpringPersistenceUnitInfo - No LoadTimeWeaver setup: ignoring JPA class transformer
2025-12-18 12:38:32 INFO  [main] com.zaxxer.hikari.HikariDataSource - HikariPool-1 - Starting...
2025-12-18 12:38:32 INFO  [main] com.zaxxer.hikari.pool.HikariPool - HikariPool-1 - Added connection com.mysql.cj.jdbc.ConnectionImpl@17034458
2025-12-18 12:38:32 INFO  [main] com.zaxxer.hikari.HikariDataSource - HikariPool-1 - Start completed.
2025-12-18 12:38:36 INFO  [main] o.s.o.j.LocalContainerEntityManagerFactoryBean - Initialized JPA EntityManagerFactory for persistence unit 'default'
2025-12-18 12:38:36 INFO  [main] o.s.d.j.r.q.QueryEnhancerFactories - Hibernate is in classpath; If applicable, HQL parser will be used.
2025-12-18 12:38:37 INFO  [main] c.o.w.w.config.WebSocketConfig - WebSocketConfig: Registered OCPP WebSocket handler ws://localhost:8081/ocpp2/v201/{stationId}
2025-12-18 12:38:37 DEBUG [main] o.s.w.s.s.s.WebSocketHandlerMapping - Patterns [/ocpp/v201/{cpId}] in 'webSocketHandlerMapping'
2025-12-18 12:38:37 WARN  [main] o.s.b.j.a.JpaBaseConfiguration$JpaWebConfiguration - spring.jpa.open-in-view is enabled by default. Therefore, database queries may be performed during view rendering. Explicitly configure spring.jpa.open-in-view to disable this warning
2025-12-18 12:38:37 INFO  [main] o.s.v.b.OptionalValidatorFactoryBean - Failed to set up a Bean Validation provider: jakarta.validation.NoProviderFoundException: Unable to create a Configuration, because no Jakarta Validation provider could be found. Add a provider like Hibernate Validator (RI) to your classpath.
2025-12-18 12:38:38 DEBUG [main] o.s.w.s.m.m.a.RequestMappingHandlerMapping - 10 mappings in 'requestMappingHandlerMapping'
2025-12-18 12:38:38 DEBUG [main] o.s.w.s.h.SimpleUrlHandlerMapping - Patterns [/webjars/**, /**, /swagger-ui*/*swagger-initializer.js, /swagger-ui*/**] in 'resourceHandlerMapping'
2025-12-18 12:38:38 DEBUG [main] o.s.w.s.m.m.a.RequestMappingHandlerAdapter - ControllerAdvice beans: 0 @ModelAttribute, 0 @InitBinder, 1 RequestBodyAdvice, 1 ResponseBodyAdvice
2025-12-18 12:38:38 DEBUG [main] o.s.w.s.m.m.a.ExceptionHandlerExceptionResolver - ControllerAdvice beans: 1 @ExceptionHandler, 1 ResponseBodyAdvice
2025-12-18 12:38:39 INFO  [main] c.o.w.w.Websockets201ApplicationTests - Started Websockets201ApplicationTests in 13.443 seconds (process running for 16.594)
2025-12-18 12:38:39 INFO  [main] c.o.w.w.config.OpenLogOnStart - Log file opened in Notepad at startup.
2025-12-18 12:38:40 DEBUG [SpringApplicationShutdownHook] o.s.w.c.s.GenericWebApplicationContext - Closing org.springframework.web.context.support.GenericWebApplicationContext@3ee69ad8, started on Thu Dec 18 12:38:26 IST 2025
2025-12-18 12:38:40 INFO  [SpringApplicationShutdownHook] o.s.o.j.LocalContainerEntityManagerFactoryBean - Closing JPA EntityManagerFactory for persistence unit 'default'
2025-12-18 12:38:40 INFO  [SpringApplicationShutdownHook] com.zaxxer.hikari.HikariDataSource - HikariPool-1 - Shutdown initiated...
2025-12-18 12:38:40 INFO  [SpringApplicationShutdownHook] com.zaxxer.hikari.HikariDataSource - HikariPool-1 - Shutdown completed.
2025-12-18 15:58:19 INFO  [main] c.o.w.w.Websockets201ApplicationTests - Starting Websockets201ApplicationTests using Java 19.0.1 with PID 23756 (started by lenovo in E:\websockets201\websockets201)
2025-12-18 15:58:19 INFO  [main] c.o.w.w.Websockets201ApplicationTests - No active profile set, falling back to 1 default profile: "default"
2025-12-18 15:58:20 DEBUG [main] o.s.w.c.s.GenericWebApplicationContext - Refreshing org.springframework.web.context.support.GenericWebApplicationContext@3ee69ad8
2025-12-18 15:58:22 INFO  [main] o.s.d.r.c.RepositoryConfigurationDelegate - Bootstrapping Spring Data JPA repositories in DEFAULT mode.
2025-12-18 15:58:23 INFO  [main] o.s.d.r.c.RepositoryConfigurationDelegate - Finished Spring Data repository scanning in 128 ms. Found 5 JPA repository interfaces.
2025-12-18 15:58:26 INFO  [main] o.s.o.j.p.SpringPersistenceUnitInfo - No LoadTimeWeaver setup: ignoring JPA class transformer
2025-12-18 15:58:26 INFO  [main] com.zaxxer.hikari.HikariDataSource - HikariPool-1 - Starting...
2025-12-18 15:58:27 INFO  [main] com.zaxxer.hikari.pool.HikariPool - HikariPool-1 - Added connection com.mysql.cj.jdbc.ConnectionImpl@7a51dc38
2025-12-18 15:58:27 INFO  [main] com.zaxxer.hikari.HikariDataSource - HikariPool-1 - Start completed.
2025-12-18 15:58:32 INFO  [main] o.s.o.j.LocalContainerEntityManagerFactoryBean - Initialized JPA EntityManagerFactory for persistence unit 'default'
2025-12-18 15:58:32 INFO  [main] o.s.d.j.r.q.QueryEnhancerFactories - Hibernate is in classpath; If applicable, HQL parser will be used.
2025-12-18 15:58:33 INFO  [main] c.o.w.w.config.WebSocketConfig - WebSocketConfig: Registered OCPP WebSocket handler ws://localhost:8081/ocpp2/v201/{stationId}
2025-12-18 15:58:33 DEBUG [main] o.s.w.s.s.s.WebSocketHandlerMapping - Patterns [/ocpp/v201/{cpId}] in 'webSocketHandlerMapping'
2025-12-18 15:58:33 WARN  [main] o.s.b.j.a.JpaBaseConfiguration$JpaWebConfiguration - spring.jpa.open-in-view is enabled by default. Therefore, database queries may be performed during view rendering. Explicitly configure spring.jpa.open-in-view to disable this warning
2025-12-18 15:58:33 INFO  [main] o.s.v.b.OptionalValidatorFactoryBean - Failed to set up a Bean Validation provider: jakarta.validation.NoProviderFoundException: Unable to create a Configuration, because no Jakarta Validation provider could be found. Add a provider like Hibernate Validator (RI) to your classpath.
2025-12-18 15:58:34 DEBUG [main] o.s.w.s.m.m.a.RequestMappingHandlerMapping - 16 mappings in 'requestMappingHandlerMapping'
2025-12-18 15:58:34 DEBUG [main] o.s.w.s.h.SimpleUrlHandlerMapping - Patterns [/webjars/**, /**, /swagger-ui*/*swagger-initializer.js, /swagger-ui*/**] in 'resourceHandlerMapping'
2025-12-18 15:58:34 DEBUG [main] o.s.w.s.m.m.a.RequestMappingHandlerAdapter - ControllerAdvice beans: 0 @ModelAttribute, 0 @InitBinder, 1 RequestBodyAdvice, 1 ResponseBodyAdvice
2025-12-18 15:58:34 DEBUG [main] o.s.w.s.m.m.a.ExceptionHandlerExceptionResolver - ControllerAdvice beans: 1 @ExceptionHandler, 1 ResponseBodyAdvice
2025-12-18 15:58:35 INFO  [main] c.o.w.w.Websockets201ApplicationTests - Started Websockets201ApplicationTests in 16.429 seconds (process running for 21.4)
2025-12-18 15:58:35 INFO  [main] c.o.w.w.config.OpenLogOnStart - Log file opened in Notepad at startup.
2025-12-18 15:58:36 DEBUG [SpringApplicationShutdownHook] o.s.w.c.s.GenericWebApplicationContext - Closing org.springframework.web.context.support.GenericWebApplicationContext@3ee69ad8, started on Thu Dec 18 15:58:20 IST 2025
2025-12-18 15:58:36 INFO  [SpringApplicationShutdownHook] o.s.o.j.LocalContainerEntityManagerFactoryBean - Closing JPA EntityManagerFactory for persistence unit 'default'
2025-12-18 15:58:36 INFO  [SpringApplicationShutdownHook] com.zaxxer.hikari.HikariDataSource - HikariPool-1 - Shutdown initiated...
2025-12-18 15:58:36 INFO  [SpringApplicationShutdownHook] com.zaxxer.hikari.HikariDataSource - HikariPool-1 - Shutdown completed.
2025-12-18 16:30:34 INFO  [main] c.o.w.w.Websockets201ApplicationTests - Starting Websockets201ApplicationTests using Java 19.0.1 with PID 22000 (started by lenovo in E:\websockets201\websockets201)
2025-12-18 16:30:34 INFO  [main] c.o.w.w.Websockets201ApplicationTests - No active profile set, falling back to 1 default profile: "default"
2025-12-18 16:30:34 DEBUG [main] o.s.w.c.s.GenericWebApplicationContext - Refreshing org.springframework.web.context.support.GenericWebApplicationContext@3ee69ad8
2025-12-18 16:30:36 INFO  [main] o.s.d.r.c.RepositoryConfigurationDelegate - Bootstrapping Spring Data JPA repositories in DEFAULT mode.
2025-12-18 16:30:36 INFO  [main] o.s.d.r.c.RepositoryConfigurationDelegate - Finished Spring Data repository scanning in 148 ms. Found 5 JPA repository interfaces.
2025-12-18 16:30:40 INFO  [main] o.s.o.j.p.SpringPersistenceUnitInfo - No LoadTimeWeaver setup: ignoring JPA class transformer
2025-12-18 16:30:40 INFO  [main] com.zaxxer.hikari.HikariDataSource - HikariPool-1 - Starting...
2025-12-18 16:30:41 INFO  [main] com.zaxxer.hikari.pool.HikariPool - HikariPool-1 - Added connection com.mysql.cj.jdbc.ConnectionImpl@5810772a
2025-12-18 16:30:41 INFO  [main] com.zaxxer.hikari.HikariDataSource - HikariPool-1 - Start completed.
2025-12-18 16:30:44 INFO  [main] o.s.o.j.LocalContainerEntityManagerFactoryBean - Initialized JPA EntityManagerFactory for persistence unit 'default'
2025-12-18 16:30:44 INFO  [main] o.s.d.j.r.q.QueryEnhancerFactories - Hibernate is in classpath; If applicable, HQL parser will be used.
2025-12-18 16:30:45 INFO  [main] c.o.w.w.config.WebSocketConfig - WebSocketConfig: Registered OCPP WebSocket handler ws://localhost:8081/ocpp2/v201/{stationId}
2025-12-18 16:30:45 DEBUG [main] o.s.w.s.s.s.WebSocketHandlerMapping - Patterns [/ocpp/v201/{cpId}] in 'webSocketHandlerMapping'
2025-12-18 16:30:46 WARN  [main] o.s.b.j.a.JpaBaseConfiguration$JpaWebConfiguration - spring.jpa.open-in-view is enabled by default. Therefore, database queries may be performed during view rendering. Explicitly configure spring.jpa.open-in-view to disable this warning
2025-12-18 16:30:46 INFO  [main] o.s.v.b.OptionalValidatorFactoryBean - Failed to set up a Bean Validation provider: jakarta.validation.NoProviderFoundException: Unable to create a Configuration, because no Jakarta Validation provider could be found. Add a provider like Hibernate Validator (RI) to your classpath.
2025-12-18 16:30:46 DEBUG [main] o.s.w.s.m.m.a.RequestMappingHandlerMapping - 16 mappings in 'requestMappingHandlerMapping'
2025-12-18 16:30:46 DEBUG [main] o.s.w.s.h.SimpleUrlHandlerMapping - Patterns [/webjars/**, /**, /swagger-ui*/*swagger-initializer.js, /swagger-ui*/**] in 'resourceHandlerMapping'
2025-12-18 16:30:46 DEBUG [main] o.s.w.s.m.m.a.RequestMappingHandlerAdapter - ControllerAdvice beans: 0 @ModelAttribute, 0 @InitBinder, 1 RequestBodyAdvice, 1 ResponseBodyAdvice
2025-12-18 16:30:46 DEBUG [main] o.s.w.s.m.m.a.ExceptionHandlerExceptionResolver - ControllerAdvice beans: 1 @ExceptionHandler, 1 ResponseBodyAdvice
2025-12-18 16:30:47 INFO  [main] c.o.w.w.Websockets201ApplicationTests - Started Websockets201ApplicationTests in 14.498 seconds (process running for 17.978)
2025-12-18 16:30:47 INFO  [main] c.o.w.w.config.OpenLogOnStart - Log file opened in Notepad at startup.
2025-12-18 16:30:49 DEBUG [SpringApplicationShutdownHook] o.s.w.c.s.GenericWebApplicationContext - Closing org.springframework.web.context.support.GenericWebApplicationContext@3ee69ad8, started on Thu Dec 18 16:30:34 IST 2025
2025-12-18 16:30:49 INFO  [SpringApplicationShutdownHook] o.s.o.j.LocalContainerEntityManagerFactoryBean - Closing JPA EntityManagerFactory for persistence unit 'default'
2025-12-18 16:30:49 INFO  [SpringApplicationShutdownHook] com.zaxxer.hikari.HikariDataSource - HikariPool-1 - Shutdown initiated...
2025-12-18 16:30:49 INFO  [SpringApplicationShutdownHook] com.zaxxer.hikari.HikariDataSource - HikariPool-1 - Shutdown completed.
2025-12-18 17:12:11 INFO  [main] c.o.w.w.Websockets201ApplicationTests - Starting Websockets201ApplicationTests using Java 19.0.1 with PID 12348 (started by lenovo in E:\websockets201\websockets201)
2025-12-18 17:12:11 INFO  [main] c.o.w.w.Websockets201ApplicationTests - No active profile set, falling back to 1 default profile: "default"
2025-12-18 17:12:11 DEBUG [main] o.s.w.c.s.GenericWebApplicationContext - Refreshing org.springframework.web.context.support.GenericWebApplicationContext@3ee69ad8
2025-12-18 17:12:15 INFO  [main] o.s.d.r.c.RepositoryConfigurationDelegate - Bootstrapping Spring Data JPA repositories in DEFAULT mode.
2025-12-18 17:12:15 INFO  [main] o.s.d.r.c.RepositoryConfigurationDelegate - Finished Spring Data repository scanning in 125 ms. Found 5 JPA repository interfaces.
2025-12-18 17:12:19 INFO  [main] o.s.o.j.p.SpringPersistenceUnitInfo - No LoadTimeWeaver setup: ignoring JPA class transformer
2025-12-18 17:12:19 INFO  [main] com.zaxxer.hikari.HikariDataSource - HikariPool-1 - Starting...
2025-12-18 17:12:20 INFO  [main] com.zaxxer.hikari.pool.HikariPool - HikariPool-1 - Added connection com.mysql.cj.jdbc.ConnectionImpl@51e0f2eb
2025-12-18 17:12:20 INFO  [main] com.zaxxer.hikari.HikariDataSource - HikariPool-1 - Start completed.
2025-12-18 17:12:25 INFO  [main] o.s.o.j.LocalContainerEntityManagerFactoryBean - Initialized JPA EntityManagerFactory for persistence unit 'default'
2025-12-18 17:12:26 INFO  [main] o.s.d.j.r.q.QueryEnhancerFactories - Hibernate is in classpath; If applicable, HQL parser will be used.
2025-12-18 17:12:26 INFO  [main] c.o.w.w.config.WebSocketConfig - WebSocketConfig: Registered OCPP WebSocket handler ws://localhost:8081/ocpp2/v201/{stationId}
2025-12-18 17:12:27 DEBUG [main] o.s.w.s.s.s.WebSocketHandlerMapping - Patterns [/ocpp/v201/{cpId}] in 'webSocketHandlerMapping'
2025-12-18 17:12:27 WARN  [main] o.s.b.j.a.JpaBaseConfiguration$JpaWebConfiguration - spring.jpa.open-in-view is enabled by default. Therefore, database queries may be performed during view rendering. Explicitly configure spring.jpa.open-in-view to disable this warning
2025-12-18 17:12:27 INFO  [main] o.s.v.b.OptionalValidatorFactoryBean - Failed to set up a Bean Validation provider: jakarta.validation.NoProviderFoundException: Unable to create a Configuration, because no Jakarta Validation provider could be found. Add a provider like Hibernate Validator (RI) to your classpath.
2025-12-18 17:12:27 DEBUG [main] o.s.w.s.m.m.a.RequestMappingHandlerMapping - 16 mappings in 'requestMappingHandlerMapping'
2025-12-18 17:12:27 DEBUG [main] o.s.w.s.h.SimpleUrlHandlerMapping - Patterns [/webjars/**, /**, /swagger-ui*/*swagger-initializer.js, /swagger-ui*/**] in 'resourceHandlerMapping'
2025-12-18 17:12:28 DEBUG [main] o.s.w.s.m.m.a.RequestMappingHandlerAdapter - ControllerAdvice beans: 0 @ModelAttribute, 0 @InitBinder, 1 RequestBodyAdvice, 1 ResponseBodyAdvice
2025-12-18 17:12:28 DEBUG [main] o.s.w.s.m.m.a.ExceptionHandlerExceptionResolver - ControllerAdvice beans: 1 @ExceptionHandler, 1 ResponseBodyAdvice
2025-12-18 17:12:28 INFO  [main] c.o.w.w.Websockets201ApplicationTests - Started Websockets201ApplicationTests in 18.371 seconds (process running for 21.322)
2025-12-18 17:12:29 INFO  [main] c.o.w.w.config.OpenLogOnStart - Log file opened in Notepad at startup.
2025-12-18 17:12:30 DEBUG [SpringApplicationShutdownHook] o.s.w.c.s.GenericWebApplicationContext - Closing org.springframework.web.context.support.GenericWebApplicationContext@3ee69ad8, started on Thu Dec 18 17:12:11 IST 2025
2025-12-18 17:12:30 INFO  [SpringApplicationShutdownHook] o.s.o.j.LocalContainerEntityManagerFactoryBean - Closing JPA EntityManagerFactory for persistence unit 'default'
2025-12-18 17:12:30 INFO  [SpringApplicationShutdownHook] com.zaxxer.hikari.HikariDataSource - HikariPool-1 - Shutdown initiated...
2025-12-18 17:12:30 INFO  [SpringApplicationShutdownHook] com.zaxxer.hikari.HikariDataSource - HikariPool-1 - Shutdown completed.
